#
# A fatal error has been detected by the Java Runtime Environment:
#
#  EXCEPTION_ACCESS_VIOLATION (0xc0000005) at pc=0x0000000063359cc0, pid=4240, tid=0x00000000000020cc
#
# JRE version: OpenJDK Runtime Environment (8.0_76-b03) (build 1.8.0_76-release-b03)
# Java VM: OpenJDK 64-Bit Server VM (25.76-b03 mixed mode windows-amd64 compressed oops)
# Problematic frame:
# V  [jvm.dll+0x89cc0]
#
# Failed to write core dump. Minidumps are not enabled by default on client versions of Windows
#
# If you would like to submit a bug report, please visit:
#   http://bugreport.java.com/bugreport/crash.jsp
#

---------------  T H R E A D  ---------------

Current thread (0x00000000024ee800):  GCTaskThread [stack: 0x00000000125c0000,0x00000000126c0000] [id=8396]

siginfo: ExceptionCode=0xc0000005, reading address 0x0000000000000008

Registers:
RAX=0x0000000012960000, RBX=0x00000000d551026c, RCX=0x00000000d551026c, RDX=0x0000000000000000
RSP=0x00000000126bf898, RBP=0x0000000059c96a90, RSI=0x0000000057669160, RDI=0x0000000057669160
R8 =0x00000000002aa881, R9 =0x000000001797c428, R10=0x000000000000000c, R11=0x000000006388fa68
R12=0x00000000024eeeb0, R13=0x00000000024ef288, R14=0x00000000000003d8, R15=0x00000000e38ffec0
RIP=0x0000000063359cc0, EFLAGS=0x0000000000010246

Top of Stack: (sp=0x00000000126bf898)
0x00000000126bf898:   00000000633b4867 0000000063a89d00
0x00000000126bf8a8:   0000000000000005 00000000d5518a90
0x00000000126bf8b8:   00000000633b4892 0000000057669160
0x00000000126bf8c8:   00000000633bdc6f 00000000d551026c
0x00000000126bf8d8:   0000000000000005 00000000d55189c8
0x00000000126bf8e8:   00000000633e3af9 0000000057669160
0x00000000126bf8f8:   00000000633bdf50 000000001797c428
0x00000000126bf908:   00000000d55188e4 0000000000000005
0x00000000126bf918:   00000000634c41f2 0000000000000000
0x00000000126bf928:   00000000000003d8 00000000024ef288
0x00000000126bf938:   00000000024ebd80 000000000001507b
0x00000000126bf948:   000000006368eb00 0000000057d58428
0x00000000126bf958:   0000000059c96a90 0000000057669160
0x00000000126bf968:   00000000024eeeb0 0097049600015078
0x00000000126bf978:   0000000000000c00 0000000000000000
0x00000000126bf988:   0000000000000000 0000000000000000 

Instructions: (pc=0x0000000063359cc0)
0x0000000063359ca0:   ac 3a 1d 00 48 8b 9c 24 c0 00 00 00 48 81 c4 b0
0x0000000063359cb0:   00 00 00 5d c3 cc cc cc cc cc cc cc cc cc cc cc
0x0000000063359cc0:   44 8b 42 08 4c 8b ca 45 85 c0 7e 0e 41 f6 c0 01
0x0000000063359cd0:   75 57 41 c1 f8 03 41 8b c0 c3 79 4d 80 3d be 5f 


Register to memory mapping:

RAX=0x0000000012960000 is an unknown value
RBX=0x00000000d551026c is pointing into object: 0x00000000d5510260
[I 
 - klass: {type array int}
 - length: 1
RCX=0x00000000d551026c is pointing into object: 0x00000000d5510260
[I 
 - klass: {type array int}
 - length: 1
RDX=0x0000000000000000 is an unknown value
RSP=0x00000000126bf898 is an unknown value
RBP=0x0000000059c96a90 is an unknown value
RSI=0x0000000057669160 is an unknown value
RDI=0x0000000057669160 is an unknown value
R8 =0x00000000002aa881 is an unknown value
R9 =0x000000001797c428 is pointing into metadata
R10=0x000000000000000c is an unknown value
R11=0x000000006388fa68 is an unknown value
R12=0x00000000024eeeb0 is an unknown value
R13=0x00000000024ef288 is an unknown value
R14=0x00000000000003d8 is an unknown value
R15=0x00000000e38ffec0 is an oop
sun.reflect.GeneratedSerializationConstructorAccessor459 
 - klass: 'sun/reflect/GeneratedSerializationConstructorAccessor459'


Stack: [0x00000000125c0000,0x00000000126c0000],  sp=0x00000000126bf898,  free space=1022k
Native frames: (J=compiled Java code, j=interpreted, Vv=VM code, C=native code)
V  [jvm.dll+0x89cc0]


---------------  P R O C E S S  ---------------

Java Threads: ( => current thread )
  0x00000000609fd800 JavaThread "pool-58-thread-4" [_thread_blocked, id=10492, stack(0x0000000070770000,0x0000000070870000)]
  0x000000005d47a000 JavaThread "pool-58-thread-3" [_thread_blocked, id=10664, stack(0x0000000070530000,0x0000000070630000)]
  0x000000005d47b000 JavaThread "pool-58-thread-2" [_thread_blocked, id=1356, stack(0x000000006ee10000,0x000000006ef10000)]
  0x000000005d47b800 JavaThread "pool-59-thread-1" [_thread_blocked, id=7860, stack(0x000000006fea0000,0x000000006ffa0000)]
  0x0000000059ed0800 JavaThread "pool-58-thread-1" [_thread_blocked, id=8452, stack(0x000000006ce40000,0x000000006cf40000)]
  0x0000000059ed0000 JavaThread "Asynchronous log dispatcher for org.gradle.launcher.daemon.server.DefaultDaemonConnection@77c91b5d" [_thread_blocked, id=7852, stack(0x000000006f490000,0x000000006f590000)]
  0x0000000059ecf000 JavaThread "Daemon worker Thread 14" [_thread_blocked, id=4584, stack(0x000000005c480000,0x000000005c580000)]
  0x000000005dfea800 JavaThread "Cancel handler" [_thread_blocked, id=9268, stack(0x0000000068cd0000,0x0000000068dd0000)]
  0x000000005dfee000 JavaThread "Daemon Thread 14" [_thread_blocked, id=8792, stack(0x000000005b970000,0x000000005ba70000)]
  0x0000000059ed3800 JavaThread "pool-55-thread-4" [_thread_blocked, id=8040, stack(0x0000000070360000,0x0000000070460000)]
  0x0000000059ed3000 JavaThread "pool-55-thread-3" [_thread_blocked, id=9768, stack(0x0000000070190000,0x0000000070290000)]
  0x0000000059ed2000 JavaThread "pool-55-thread-2" [_thread_blocked, id=10632, stack(0x0000000070000000,0x0000000070100000)]
  0x000000005b089800 JavaThread "pool-55-thread-1" [_thread_blocked, id=3596, stack(0x000000006fcd0000,0x000000006fdd0000)]
  0x0000000059ece000 JavaThread "pool-52-thread-4" [_thread_blocked, id=10552, stack(0x000000006f990000,0x000000006fa90000)]
  0x0000000059ecd800 JavaThread "pool-52-thread-3" [_thread_blocked, id=9364, stack(0x000000006f7f0000,0x000000006f8f0000)]
  0x0000000059ecc800 JavaThread "pool-52-thread-2" [_thread_blocked, id=10852, stack(0x000000006f6a0000,0x000000006f7a0000)]
  0x00000000640f4000 JavaThread "pool-52-thread-1" [_thread_blocked, id=10332, stack(0x000000006cf40000,0x000000006d040000)]
  0x000000005d47e000 JavaThread "RxComputationThreadPool-4" daemon [_thread_blocked, id=4856, stack(0x000000006f190000,0x000000006f290000)]
  0x000000005d47d000 JavaThread "RxComputationThreadPool-3" daemon [_thread_blocked, id=10060, stack(0x000000006ef90000,0x000000006f090000)]
  0x000000005d479800 JavaThread "RxComputationThreadPool-2" daemon [_thread_blocked, id=8840, stack(0x000000006ed10000,0x000000006ee10000)]
  0x000000005d47c800 JavaThread "RxComputationThreadPool-1" daemon [_thread_blocked, id=7952, stack(0x000000006ea60000,0x000000006eb60000)]
  0x000000005dfec000 JavaThread "RxCachedWorkerPoolEvictor-1" daemon [_thread_blocked, id=10804, stack(0x000000006ebd0000,0x000000006ecd0000)]
  0x000000005d478800 JavaThread "RxComputationThreadPool-4" daemon [_thread_blocked, id=10928, stack(0x000000006e5d0000,0x000000006e6d0000)]
  0x000000005d478000 JavaThread "RxComputationThreadPool-3" daemon [_thread_blocked, id=10612, stack(0x000000006e6f0000,0x000000006e7f0000)]
  0x000000005d477000 JavaThread "RxComputationThreadPool-2" daemon [_thread_blocked, id=10428, stack(0x000000006e430000,0x000000006e530000)]
  0x00000000640f5800 JavaThread "RxComputationThreadPool-1" daemon [_thread_blocked, id=6732, stack(0x000000006e260000,0x000000006e360000)]
  0x00000000640f5000 JavaThread "RxCachedWorkerPoolEvictor-1" daemon [_thread_blocked, id=7504, stack(0x000000006d790000,0x000000006d890000)]
  0x000000005e18a000 JavaThread "RxComputationThreadPool-4" daemon [_thread_blocked, id=6420, stack(0x000000006dba0000,0x000000006dca0000)]
  0x000000005b2bf000 JavaThread "RxComputationThreadPool-3" daemon [_thread_blocked, id=10432, stack(0x000000006dd50000,0x000000006de50000)]
  0x0000000060ed9000 JavaThread "RxComputationThreadPool-2" daemon [_thread_blocked, id=9600, stack(0x000000006da70000,0x000000006db70000)]
  0x0000000060eda000 JavaThread "RxComputationThreadPool-1" daemon [_thread_blocked, id=10508, stack(0x000000006d8f0000,0x000000006d9f0000)]
  0x0000000060ed8800 JavaThread "RxCachedWorkerPoolEvictor-1" daemon [_thread_blocked, id=11216, stack(0x000000006bf00000,0x000000006c000000)]
  0x000000005b2be800 JavaThread "RxComputationThreadPool-4" daemon [_thread_blocked, id=8208, stack(0x000000006d380000,0x000000006d480000)]
  0x000000005b2c2000 JavaThread "RxComputationThreadPool-3" daemon [_thread_blocked, id=8220, stack(0x000000006d480000,0x000000006d580000)]
  0x0000000060edd000 JavaThread "RxComputationThreadPool-2" daemon [_thread_blocked, id=2400, stack(0x000000006cd30000,0x000000006ce30000)]
  0x0000000060edc000 JavaThread "RxComputationThreadPool-1" daemon [_thread_blocked, id=10608, stack(0x000000006d040000,0x000000006d140000)]
  0x0000000060edb800 JavaThread "RxCachedWorkerPoolEvictor-1" daemon [_thread_blocked, id=4320, stack(0x000000006c7c0000,0x000000006c8c0000)]
  0x00000000609fc800 JavaThread "RxComputationThreadPool-4" daemon [_thread_blocked, id=6372, stack(0x000000006a620000,0x000000006a720000)]
  0x00000000609fb800 JavaThread "RxComputationThreadPool-3" daemon [_thread_blocked, id=6652, stack(0x000000006ca30000,0x000000006cb30000)]
  0x00000000609fb000 JavaThread "RxComputationThreadPool-2" daemon [_thread_blocked, id=8796, stack(0x000000006c8d0000,0x000000006c9d0000)]
  0x00000000609fa000 JavaThread "RxComputationThreadPool-1" daemon [_thread_blocked, id=7408, stack(0x0000000069bf0000,0x0000000069cf0000)]
  0x000000005f492800 JavaThread "RxCachedWorkerPoolEvictor-1" daemon [_thread_blocked, id=4060, stack(0x000000006c690000,0x000000006c790000)]
  0x000000005d4d3800 JavaThread "RxComputationThreadPool-4" daemon [_thread_blocked, id=9596, stack(0x000000006c140000,0x000000006c240000)]
  0x000000005d4cd800 JavaThread "RxComputationThreadPool-3" daemon [_thread_blocked, id=10372, stack(0x000000006a0e0000,0x000000006a1e0000)]
  0x000000005d4d0000 JavaThread "RxComputationThreadPool-2" daemon [_thread_blocked, id=10932, stack(0x000000006c010000,0x000000006c110000)]
  0x000000005b2c0000 JavaThread "RxComputationThreadPool-1" daemon [_thread_blocked, id=6196, stack(0x000000006bdc0000,0x000000006bec0000)]
  0x000000005b2bd800 JavaThread "RxCachedWorkerPoolEvictor-1" daemon [_thread_blocked, id=2560, stack(0x000000006bbd0000,0x000000006bcd0000)]
  0x000000005d4ce800 JavaThread "pool-6-thread-4" [_thread_blocked, id=11028, stack(0x000000006a770000,0x000000006a870000)]
  0x000000005d4d1800 JavaThread "RxComputationThreadPool-4" daemon [_thread_blocked, id=4132, stack(0x000000006a1e0000,0x000000006a2e0000)]
  0x000000005d4d2000 JavaThread "RxComputationThreadPool-3" daemon [_thread_blocked, id=6456, stack(0x0000000069fc0000,0x000000006a0c0000)]
  0x000000005b2c3000 JavaThread "RxComputationThreadPool-2" daemon [_thread_blocked, id=10756, stack(0x000000005c020000,0x000000005c120000)]
  0x000000005b2c1800 JavaThread "RxComputationThreadPool-1" daemon [_thread_blocked, id=6048, stack(0x0000000069ec0000,0x0000000069fc0000)]
  0x000000005b2c0800 JavaThread "RxCachedWorkerPoolEvictor-1" daemon [_thread_blocked, id=6436, stack(0x0000000069dc0000,0x0000000069ec0000)]
  0x000000005b2bd000 JavaThread "pool-6-thread-3" [_thread_blocked, id=11064, stack(0x0000000069ad0000,0x0000000069bd0000)]
  0x000000005f492000 JavaThread "RxComputationThreadPool-4" daemon [_thread_blocked, id=6316, stack(0x00000000696f0000,0x00000000697f0000)]
  0x000000005f491000 JavaThread "RxComputationThreadPool-3" daemon [_thread_blocked, id=4936, stack(0x00000000693c0000,0x00000000694c0000)]
  0x000000005b087800 JavaThread "RxComputationThreadPool-2" daemon [_thread_blocked, id=9868, stack(0x0000000069530000,0x0000000069630000)]
  0x000000006486b000 JavaThread "RxComputationThreadPool-1" daemon [_thread_blocked, id=7872, stack(0x00000000692a0000,0x00000000693a0000)]
  0x000000006486a000 JavaThread "RxCachedWorkerPoolEvictor-1" daemon [_thread_blocked, id=10484, stack(0x0000000069110000,0x0000000069210000)]
  0x000000006486b800 JavaThread "pool-6-thread-2" [_thread_blocked, id=2692, stack(0x0000000066dd0000,0x0000000066ed0000)]
  0x000000005b086800 JavaThread "RxComputationThreadPool-4" daemon [_thread_blocked, id=9636, stack(0x0000000066ab0000,0x0000000066bb0000)]
  0x000000005b086000 JavaThread "RxComputationThreadPool-3" daemon [_thread_blocked, id=4484, stack(0x000000005c130000,0x000000005c230000)]
  0x000000005b085000 JavaThread "RxComputationThreadPool-2" daemon [_thread_blocked, id=5400, stack(0x0000000068b30000,0x0000000068c30000)]
  0x000000005b084800 JavaThread "RxComputationThreadPool-1" daemon [_thread_blocked, id=9492, stack(0x0000000068a20000,0x0000000068b20000)]
  0x000000005b083800 JavaThread "RxCachedWorkerPoolEvictor-1" daemon [_thread_blocked, id=9912, stack(0x0000000067500000,0x0000000067600000)]
  0x000000005e18d800 JavaThread "pool-6-thread-1" [_thread_blocked, id=8104, stack(0x0000000066f40000,0x0000000067040000)]
  0x000000005e189000 JavaThread "RxComputationThreadPool-4" daemon [_thread_blocked, id=772, stack(0x0000000066230000,0x0000000066330000)]
  0x000000005e188800 JavaThread "RxComputationThreadPool-3" daemon [_thread_blocked, id=10464, stack(0x0000000066390000,0x0000000066490000)]
  0x000000005e187800 JavaThread "RxComputationThreadPool-2" daemon [_thread_blocked, id=2696, stack(0x0000000061910000,0x0000000061a10000)]
  0x000000005e187000 JavaThread "RxComputationThreadPool-1" daemon [_thread_blocked, id=4800, stack(0x0000000066110000,0x0000000066210000)]
  0x000000005dfef800 JavaThread "RxCachedWorkerPoolEvictor-1" daemon [_thread_blocked, id=8056, stack(0x0000000065f90000,0x0000000066090000)]
  0x000000005dfeb000 JavaThread "pool-2-thread-1" [_thread_blocked, id=6476, stack(0x000000005ff70000,0x0000000060070000)]
  0x000000005d67d800 JavaThread "File lock request listener" [_thread_blocked, id=7880, stack(0x000000005edb0000,0x000000005eeb0000)]
  0x000000005ab7a000 JavaThread "pool-1-thread-1" [_thread_blocked, id=7032, stack(0x000000005bac0000,0x000000005bbc0000)]
  0x000000005aa94000 JavaThread "Incoming local TCP Connector on port 65004" [_thread_in_native, id=10896, stack(0x0000000059980000,0x0000000059a80000)]
  0x0000000058bd9000 JavaThread "Service Thread" daemon [_thread_blocked, id=10460, stack(0x0000000059850000,0x0000000059950000)]
  0x0000000058b83800 JavaThread "C1 CompilerThread2" daemon [_thread_blocked, id=11048, stack(0x0000000059660000,0x0000000059760000)]
  0x0000000058b5c800 JavaThread "C2 CompilerThread1" daemon [_thread_blocked, id=9816, stack(0x00000000594a0000,0x00000000595a0000)]
  0x0000000058b55000 JavaThread "C2 CompilerThread0" daemon [_thread_blocked, id=9224, stack(0x0000000059330000,0x0000000059430000)]
  0x0000000058b4a800 JavaThread "Attach Listener" daemon [_thread_blocked, id=9836, stack(0x0000000059160000,0x0000000059260000)]
  0x000000005775f800 JavaThread "Signal Dispatcher" daemon [_thread_blocked, id=7180, stack(0x0000000059010000,0x0000000059110000)]
  0x000000005773b000 JavaThread "Finalizer" daemon [_thread_blocked, id=5336, stack(0x0000000058a40000,0x0000000058b40000)]
  0x00000000576f4000 JavaThread "Reference Handler" daemon [_thread_blocked, id=10556, stack(0x0000000058850000,0x0000000058950000)]
  0x0000000001c8f000 JavaThread "main" [_thread_blocked, id=10024, stack(0x0000000002730000,0x0000000002830000)]

Other Threads:
  0x00000000576ec800 VMThread [stack: 0x00000000586c0000,0x00000000587c0000] [id=10388]
  0x0000000058bdc800 WatcherThread [stack: 0x0000000059af0000,0x0000000059bf0000] [id=5328]

=>0x00000000024ee800 (exited) GCTaskThread [stack: 0x00000000125c0000,0x00000000126c0000] [id=8396]

VM state:at safepoint (normal execution)

VM Mutex/Monitor currently owned by a thread:  ([mutex/lock_event])
[0x0000000001c8ce00] Threads_lock - owner thread: 0x00000000576ec800
[0x0000000001c8d300] Heap_lock - owner thread: 0x000000005ab7a000

Heap:
 PSYoungGen      total 269824K, used 232960K [0x00000000d5580000, 0x00000000ff900000, 0x0000000100000000)
  eden space 232960K, 100% used [0x00000000d5580000,0x00000000e3900000,0x00000000e3900000)
  from space 36864K, 0% used [0x00000000e3900000,0x00000000e3900000,0x00000000e5d00000)
  to   space 229376K, 0% used [0x00000000f1900000,0x00000000f1900000,0x00000000ff900000)
 ParOldGen       total 1398272K, used 1397879K [0x0000000080000000, 0x00000000d5580000, 0x00000000d5580000)
  object space 1398272K, 99% used [0x0000000080000000,0x00000000d551dc78,0x00000000d5580000)
 Metaspace       used 125503K, capacity 130456K, committed 134312K, reserved 1167360K
  class space    used 14583K, capacity 15430K, committed 16304K, reserved 1048576K

Card table byte_map: [0x0000000011bf0000,0x0000000012000000] byte_map_base: 0x00000000117f0000

Marking Bits: (ParMarkBitMap*) 0x0000000063a89d00
 Begin Bits: [0x0000000012960000, 0x0000000014960000)
 End Bits:   [0x0000000014960000, 0x0000000016960000)

Polling page: 0x0000000000130000

CodeCache: size=245760Kb used=96111Kb max_used=96455Kb free=149648Kb
 bounds [0x0000000002830000, 0x0000000008700000, 0x0000000011830000]
 total_blobs=24950 nmethods=24100 adapters=760
 compilation: enabled

Compilation events (10 events):
Event: 5871.621 Thread 0x0000000058b83800 nmethod 35424 0x0000000003aa4a10 code [0x0000000003aa4b60, 0x0000000003aa4d50]
Event: 5883.489 Thread 0x0000000058b55000 35425       4       java.util.concurrent.atomic.AtomicBoolean::<init> (5 bytes)
Event: 5893.156 Thread 0x0000000058b55000 nmethod 35425 0x0000000006e4ce90 code [0x0000000006e4cfc0, 0x0000000006e4d018]
Event: 5933.850 Thread 0x0000000058b83800 35426       1       java.util.concurrent.atomic.AtomicReference::lazySet (12 bytes)
Event: 5937.490 Thread 0x0000000058b83800 nmethod 35426 0x0000000008689290 code [0x00000000086893e0, 0x0000000008689510]
Event: 6024.438 Thread 0x0000000058b83800 35427       3       rx.internal.util.unsafe.MpmcArrayQueueConsumerField::lvConsumerIndex (5 bytes)
Event: 6027.310 Thread 0x0000000058b83800 nmethod 35427 0x00000000086a4f90 code [0x00000000086a50e0, 0x00000000086a5230]
Event: 6049.372 Thread 0x0000000058b83800 35428   !   3       rx.internal.util.SubscriptionList::unsubscribe (51 bytes)
Event: 6056.561 Thread 0x0000000058b83800 nmethod 35428 0x00000000044d5050 code [0x00000000044d51c0, 0x00000000044d55c8]
Event: 6270.212 Thread 0x0000000058b83800 35429       3       rx.internal.schedulers.EventLoopsScheduler$EventLoopWorker::isUnsubscribed (8 bytes)

GC Heap History (10 events):
Event: 6269.035 GC heap after
Heap after GC invocations=1481 (full 1216):
 PSYoungGen      total 269824K, used 232959K [0x00000000d5580000, 0x00000000ff900000, 0x0000000100000000)
  eden space 232960K, 99% used [0x00000000d5580000,0x00000000e38fff20,0x00000000e3900000)
  from space 36864K, 0% used [0x00000000e3900000,0x00000000e3900000,0x00000000e5d00000)
  to   space 229376K, 0% used [0x00000000f1900000,0x00000000f1900000,0x00000000ff900000)
 ParOldGen       total 1398272K, used 1397879K [0x0000000080000000, 0x00000000d5580000, 0x00000000d5580000)
  object space 1398272K, 99% used [0x0000000080000000,0x00000000d551dd50,0x00000000d5580000)
 Metaspace       used 125506K, capacity 130462K, committed 134312K, reserved 1167360K
  class space    used 14584K, capacity 15431K, committed 16304K, reserved 1048576K
}
Event: 6269.036 GC heap before
{Heap before GC invocations=1482 (full 1217):
 PSYoungGen      total 269824K, used 232960K [0x00000000d5580000, 0x00000000ff900000, 0x0000000100000000)
  eden space 232960K, 100% used [0x00000000d5580000,0x00000000e3900000,0x00000000e3900000)
  from space 36864K, 0% used [0x00000000e3900000,0x00000000e3900000,0x00000000e5d00000)
  to   space 229376K, 0% used [0x00000000f1900000,0x00000000f1900000,0x00000000ff900000)
 ParOldGen       total 1398272K, used 1397879K [0x0000000080000000, 0x00000000d5580000, 0x00000000d5580000)
  object space 1398272K, 99% used [0x0000000080000000,0x00000000d551dd50,0x00000000d5580000)
 Metaspace       used 125506K, capacity 130462K, committed 134312K, reserved 1167360K
  class space    used 14584K, capacity 15431K, committed 16304K, reserved 1048576K
Event: 6270.212 GC heap after
Heap after GC invocations=1482 (full 1217):
 PSYoungGen      total 269824K, used 232959K [0x00000000d5580000, 0x00000000ff900000, 0x0000000100000000)
  eden space 232960K, 99% used [0x00000000d5580000,0x00000000e38fff00,0x00000000e3900000)
  from space 36864K, 0% used [0x00000000e3900000,0x00000000e3900000,0x00000000e5d00000)
  to   space 229376K, 0% used [0x00000000f1900000,0x00000000f1900000,0x00000000ff900000)
 ParOldGen       total 1398272K, used 1397879K [0x0000000080000000, 0x00000000d5580000, 0x00000000d5580000)
  object space 1398272K, 99% used [0x0000000080000000,0x00000000d551dd30,0x00000000d5580000)
 Metaspace       used 125506K, capacity 130462K, committed 134312K, reserved 1167360K
  class space    used 14584K, capacity 15431K, committed 16304K, reserved 1048576K
}
Event: 6270.213 GC heap before
{Heap before GC invocations=1483 (full 1218):
 PSYoungGen      total 269824K, used 232960K [0x00000000d5580000, 0x00000000ff900000, 0x0000000100000000)
  eden space 232960K, 100% used [0x00000000d5580000,0x00000000e3900000,0x00000000e3900000)
  from space 36864K, 0% used [0x00000000e3900000,0x00000000e3900000,0x00000000e5d00000)
  to   space 229376K, 0% used [0x00000000f1900000,0x00000000f1900000,0x00000000ff900000)
 ParOldGen       total 1398272K, used 1397879K [0x0000000080000000, 0x00000000d5580000, 0x00000000d5580000)
  object space 1398272K, 99% used [0x0000000080000000,0x00000000d551dd30,0x00000000d5580000)
 Metaspace       used 125506K, capacity 130462K, committed 134312K, reserved 1167360K
  class space    used 14584K, capacity 15431K, committed 16304K, reserved 1048576K
Event: 6271.735 GC heap after
Heap after GC invocations=1483 (full 1218):
 PSYoungGen      total 269824K, used 232959K [0x00000000d5580000, 0x00000000ff900000, 0x0000000100000000)
  eden space 232960K, 99% used [0x00000000d5580000,0x00000000e38fffc0,0x00000000e3900000)
  from space 36864K, 0% used [0x00000000e3900000,0x00000000e3900000,0x00000000e5d00000)
  to   space 229376K, 0% used [0x00000000f1900000,0x00000000f1900000,0x00000000ff900000)
 ParOldGen       total 1398272K, used 1397879K [0x0000000080000000, 0x00000000d5580000, 0x00000000d5580000)
  object space 1398272K, 99% used [0x0000000080000000,0x00000000d551dc90,0x00000000d5580000)
 Metaspace       used 125506K, capacity 130462K, committed 134312K, reserved 1167360K
  class space    used 14584K, capacity 15431K, committed 16304K, reserved 1048576K
}
Event: 6271.735 GC heap before
{Heap before GC invocations=1484 (full 1219):
 PSYoungGen      total 269824K, used 232959K [0x00000000d5580000, 0x00000000ff900000, 0x0000000100000000)
  eden space 232960K, 99% used [0x00000000d5580000,0x00000000e38ffff0,0x00000000e3900000)
  from space 36864K, 0% used [0x00000000e3900000,0x00000000e3900000,0x00000000e5d00000)
  to   space 229376K, 0% used [0x00000000f1900000,0x00000000f1900000,0x00000000ff900000)
 ParOldGen       total 1398272K, used 1397879K [0x0000000080000000, 0x00000000d5580000, 0x00000000d5580000)
  object space 1398272K, 99% used [0x0000000080000000,0x00000000d551dc90,0x00000000d5580000)
 Metaspace       used 125506K, capacity 130462K, committed 134312K, reserved 1167360K
  class space    used 14584K, capacity 15431K, committed 16304K, reserved 1048576K
Event: 6272.883 GC heap after
Heap after GC invocations=1484 (full 1219):
 PSYoungGen      total 269824K, used 232959K [0x00000000d5580000, 0x00000000ff900000, 0x0000000100000000)
  eden space 232960K, 99% used [0x00000000d5580000,0x00000000e38ffff0,0x00000000e3900000)
  from space 36864K, 0% used [0x00000000e3900000,0x00000000e3900000,0x00000000e5d00000)
  to   space 229376K, 0% used [0x00000000f1900000,0x00000000f1900000,0x00000000ff900000)
 ParOldGen       total 1398272K, used 1397879K [0x0000000080000000, 0x00000000d5580000, 0x00000000d5580000)
  object space 1398272K, 99% used [0x0000000080000000,0x00000000d551dc70,0x00000000d5580000)
 Metaspace       used 125506K, capacity 130462K, committed 134312K, reserved 1167360K
  class space    used 14584K, capacity 15431K, committed 16304K, reserved 1048576K
}
Event: 6272.883 GC heap before
{Heap before GC invocations=1485 (full 1220):
 PSYoungGen      total 269824K, used 232960K [0x00000000d5580000, 0x00000000ff900000, 0x0000000100000000)
  eden space 232960K, 100% used [0x00000000d5580000,0x00000000e3900000,0x00000000e3900000)
  from space 36864K, 0% used [0x00000000e3900000,0x00000000e3900000,0x00000000e5d00000)
  to   space 229376K, 0% used [0x00000000f1900000,0x00000000f1900000,0x00000000ff900000)
 ParOldGen       total 1398272K, used 1397881K [0x0000000080000000, 0x00000000d5580000, 0x00000000d5580000)
  object space 1398272K, 99% used [0x0000000080000000,0x00000000d551e488,0x00000000d5580000)
 Metaspace       used 125507K, capacity 130462K, committed 134312K, reserved 1167360K
  class space    used 14584K, capacity 15431K, committed 16304K, reserved 1048576K
Event: 6274.087 GC heap after
Heap after GC invocations=1485 (full 1220):
 PSYoungGen      total 269824K, used 232959K [0x00000000d5580000, 0x00000000ff900000, 0x0000000100000000)
  eden space 232960K, 99% used [0x00000000d5580000,0x00000000e38ffe90,0x00000000e3900000)
  from space 36864K, 0% used [0x00000000e3900000,0x00000000e3900000,0x00000000e5d00000)
  to   space 229376K, 0% used [0x00000000f1900000,0x00000000f1900000,0x00000000ff900000)
 ParOldGen       total 1398272K, used 1397879K [0x0000000080000000, 0x00000000d5580000, 0x00000000d5580000)
  object space 1398272K, 99% used [0x0000000080000000,0x00000000d551dc78,0x00000000d5580000)
 Metaspace       used 125503K, capacity 130456K, committed 134312K, reserved 1167360K
  class space    used 14583K, capacity 15430K, committed 16304K, reserved 1048576K
}
Event: 6274.087 GC heap before
{Heap before GC invocations=1486 (full 1221):
 PSYoungGen      total 269824K, used 232960K [0x00000000d5580000, 0x00000000ff900000, 0x0000000100000000)
  eden space 232960K, 100% used [0x00000000d5580000,0x00000000e3900000,0x00000000e3900000)
  from space 36864K, 0% used [0x00000000e3900000,0x00000000e3900000,0x00000000e5d00000)
  to   space 229376K, 0% used [0x00000000f1900000,0x00000000f1900000,0x00000000ff900000)
 ParOldGen       total 1398272K, used 1397879K [0x0000000080000000, 0x00000000d5580000, 0x00000000d5580000)
  object space 1398272K, 99% used [0x0000000080000000,0x00000000d551dc78,0x00000000d5580000)
 Metaspace       used 125503K, capacity 130456K, committed 134312K, reserved 1167360K
  class space    used 14583K, capacity 15430K, committed 16304K, reserved 1048576K

Deoptimization events (10 events):
Event: 4794.950 Thread 0x000000005dfee000 Uncommon trap: reason=class_check action=maybe_recompile pc=0x00000000085b0688 method=org.gradle.internal.serialize.Message$ExceptionReplacingObjectOutputStream.replaceObject(Ljava/lang/Object;)Ljava/lang/Object; @ 12
Event: 5057.856 Thread 0x0000000059ecf000 Uncommon trap: reason=class_check action=maybe_recompile pc=0x00000000039b1314 method=org.codehaus.groovy.runtime.callsite.AbstractCallSite.<init>(Lorg/codehaus/groovy/runtime/callsite/CallSite;)V @ 6
Event: 5057.856 Thread 0x0000000059ecf000 Uncommon trap: reason=class_check action=maybe_recompile pc=0x00000000039b1314 method=org.codehaus.groovy.runtime.callsite.AbstractCallSite.<init>(Lorg/codehaus/groovy/runtime/callsite/CallSite;)V @ 6
Event: 5057.856 Thread 0x0000000059ecf000 Uncommon trap: reason=class_check action=maybe_recompile pc=0x00000000039b1314 method=org.codehaus.groovy.runtime.callsite.AbstractCallSite.<init>(Lorg/codehaus/groovy/runtime/callsite/CallSite;)V @ 6
Event: 5057.856 Thread 0x0000000059ecf000 Uncommon trap: reason=class_check action=maybe_recompile pc=0x00000000039b1314 method=org.codehaus.groovy.runtime.callsite.AbstractCallSite.<init>(Lorg/codehaus/groovy/runtime/callsite/CallSite;)V @ 6
Event: 5057.953 Thread 0x0000000059ecf000 Uncommon trap: reason=null_check action=make_not_entrant pc=0x000000000863bc8c method=org.apache.tools.ant.PropertyHelper.add(Lorg/apache/tools/ant/PropertyHelper$Delegate;)V @ 46
Event: 5058.306 Thread 0x0000000059ecf000 Uncommon trap: reason=bimorphic action=maybe_recompile pc=0x0000000003d7bd88 method=groovy.lang.MetaClassImpl.filterPropertyMethod(Ljava/lang/Object;ZZ)Ljava/lang/Object; @ 171
Event: 5313.404 Thread 0x000000005dfef000 Uncommon trap: reason=unstable_if action=reinterpret pc=0x0000000007f32ed8 method=com.google.common.base.Objects.equal(Ljava/lang/Object;Ljava/lang/Object;)Z @ 14
Event: 5743.149 Thread 0x000000005dfef000 Uncommon trap: reason=class_check action=maybe_recompile pc=0x00000000029479ec method=java.lang.Throwable.<init>(Ljava/lang/String;Ljava/lang/Throwable;)V @ 24
Event: 5995.732 Thread 0x0000000059ed0000 Uncommon trap: reason=unloaded action=reinterpret pc=0x00000000059b2380 method=org.gradle.internal.remote.internal.inet.SocketConnection.flush()V @ 20

Internal exceptions (10 events):
Event: 5058.315 Thread 0x0000000059ecf000 Exception <a 'java/lang/NoSuchMethodError': <clinit>> (0x00000000dc05d338) thrown at [C:\src\android\AOSP-openjdk\external\jetbrains\jdk\hotspot\src\share\vm\prims\jni.cpp, line 1591]
Event: 5104.474 Thread 0x000000005ab7a000 Exception <a 'java/lang/NoSuchMethodError': <clinit>> (0x00000000e368db00) thrown at [C:\src\android\AOSP-openjdk\external\jetbrains\jdk\hotspot\src\share\vm\prims\jni.cpp, line 1591]
Event: 5104.476 Thread 0x000000005ab7a000 Exception <a 'java/lang/NoSuchMethodError': <clinit>> (0x00000000e386cef0) thrown at [C:\src\android\AOSP-openjdk\external\jetbrains\jdk\hotspot\src\share\vm\prims\jni.cpp, line 1591]
Event: 5106.996 Thread 0x000000005ab7a000 Exception <a 'java/lang/NoSuchMethodError': <clinit>> (0x00000000e37ee000) thrown at [C:\src\android\AOSP-openjdk\external\jetbrains\jdk\hotspot\src\share\vm\prims\jni.cpp, line 1591]
Event: 5106.996 Thread 0x000000005ab7a000 Exception <a 'java/lang/NoSuchMethodError': <clinit>> (0x00000000e388aab0) thrown at [C:\src\android\AOSP-openjdk\external\jetbrains\jdk\hotspot\src\share\vm\prims\jni.cpp, line 1591]
Event: 5109.497 Thread 0x000000005ab7a000 Exception <a 'java/lang/NoSuchMethodError': <clinit>> (0x00000000e3829350) thrown at [C:\src\android\AOSP-openjdk\external\jetbrains\jdk\hotspot\src\share\vm\prims\jni.cpp, line 1591]
Event: 5309.706 Thread 0x000000005dfef000 Exception <a 'java/io/IOException'> (0x00000000e38ffeb0) thrown at [C:\src\android\AOSP-openjdk\external\jetbrains\jdk\hotspot\src\share\vm\prims\jni.cpp, line 709]
Event: 5402.875 Thread 0x000000005dfeb000 Exception <a 'sun/nio/fs/WindowsException'> (0x00000000e38fffb0) thrown at [C:\src\android\AOSP-openjdk\external\jetbrains\jdk\hotspot\src\share\vm\prims\jni.cpp, line 709]
Event: 5962.863 Thread 0x000000005ab7a000 Exception <a 'java/lang/NoSuchMethodError': <clinit>> (0x00000000d5514590) thrown at [C:\src\android\AOSP-openjdk\external\jetbrains\jdk\hotspot\src\share\vm\prims\jni.cpp, line 1591]
Event: 5994.576 Thread 0x0000000059ed0000 Exception <a 'java/io/IOException'> (0x00000000d5518008) thrown at [C:\src\android\AOSP-openjdk\external\jetbrains\jdk\hotspot\src\share\vm\prims\jni.cpp, line 709]

Events (10 events):
Event: 6269.035 Executing VM operation: ParallelGCFailedAllocation done
Event: 6269.036 Executing VM operation: ParallelGCFailedAllocation
Event: 6270.212 Executing VM operation: ParallelGCFailedAllocation done
Event: 6270.212 Executing VM operation: ParallelGCFailedAllocation
Event: 6271.735 Executing VM operation: ParallelGCFailedAllocation done
Event: 6271.735 Executing VM operation: ParallelGCFailedAllocation
Event: 6272.883 Executing VM operation: ParallelGCFailedAllocation done
Event: 6272.883 Executing VM operation: ParallelGCFailedAllocation
Event: 6274.087 Executing VM operation: ParallelGCFailedAllocation done
Event: 6274.087 Executing VM operation: ParallelGCFailedAllocation


Dynamic libraries:
0x000000013fea0000 - 0x000000013fed1000 	C:\Android\Android Studio\jre\bin\java.exe
0x0000000077600000 - 0x00000000777aa000 	C:\Windows\SYSTEM32\ntdll.dll
0x00000000773e0000 - 0x00000000774ff000 	C:\Windows\system32\kernel32.dll
0x000007fefd780000 - 0x000007fefd7ea000 	C:\Windows\system32\KERNELBASE.dll
0x000007fefde60000 - 0x000007fefdf3b000 	C:\Windows\system32\ADVAPI32.dll
0x000007fefda50000 - 0x000007fefdaef000 	C:\Windows\system32\msvcrt.dll
0x000007fefe0d0000 - 0x000007fefe0ef000 	C:\Windows\SYSTEM32\sechost.dll
0x000007fefe3b0000 - 0x000007fefe4dd000 	C:\Windows\system32\RPCRT4.dll
0x0000000077500000 - 0x00000000775fa000 	C:\Windows\system32\USER32.dll
0x000007fefdd00000 - 0x000007fefdd67000 	C:\Windows\system32\GDI32.dll
0x000007fefeaa0000 - 0x000007fefeaae000 	C:\Windows\system32\LPK.dll
0x000007fefeab0000 - 0x000007fefeb7a000 	C:\Windows\system32\USP10.dll
0x000007fefbe50000 - 0x000007fefc044000 	C:\Windows\WinSxS\amd64_microsoft.windows.common-controls_6595b64144ccf1df_6.0.7601.18837_none_fa3b1e3d17594757\COMCTL32.dll
0x000007fefe050000 - 0x000007fefe0c1000 	C:\Windows\system32\SHLWAPI.dll
0x000007fefe0f0000 - 0x000007fefe11e000 	C:\Windows\system32\IMM32.DLL
0x000007fefdf40000 - 0x000007fefe049000 	C:\Windows\system32\MSCTF.dll
0x000000006a300000 - 0x000000006a3d2000 	C:\Android\Android Studio\jre\jre\bin\msvcr100.dll
0x00000000632d0000 - 0x0000000063b04000 	C:\Android\Android Studio\jre\jre\bin\server\jvm.dll
0x000007fef9040000 - 0x000007fef9049000 	C:\Windows\system32\WSOCK32.dll
0x000007fefe9b0000 - 0x000007fefe9fd000 	C:\Windows\system32\WS2_32.dll
0x000007fefde50000 - 0x000007fefde58000 	C:\Windows\system32\NSI.dll
0x000007fefb010000 - 0x000007fefb04b000 	C:\Windows\system32\WINMM.dll
0x000007fefc4e0000 - 0x000007fefc4ec000 	C:\Windows\system32\VERSION.dll
0x00000000777d0000 - 0x00000000777d7000 	C:\Windows\system32\PSAPI.DLL
0x000007feefb50000 - 0x000007feefb5f000 	C:\Android\Android Studio\jre\jre\bin\verify.dll
0x000007feefb20000 - 0x000007feefb49000 	C:\Android\Android Studio\jre\jre\bin\java.dll
0x000007feefb00000 - 0x000007feefb16000 	C:\Android\Android Studio\jre\jre\bin\zip.dll
0x000007fefeb80000 - 0x000007feff909000 	C:\Windows\system32\SHELL32.dll
0x000007fefe4e0000 - 0x000007fefe6e3000 	C:\Windows\system32\ole32.dll
0x000007fefd440000 - 0x000007fefd44f000 	C:\Windows\system32\profapi.dll
0x000007feefa60000 - 0x000007feefa7a000 	C:\Android\Android Studio\jre\jre\bin\net.dll
0x000007fefcbb0000 - 0x000007fefcc05000 	C:\Windows\system32\mswsock.dll
0x000007fefcba0000 - 0x000007fefcba7000 	C:\Windows\System32\wship6.dll
0x000007feefa40000 - 0x000007feefa51000 	C:\Android\Android Studio\jre\jre\bin\nio.dll
0x000007fef01e0000 - 0x000007fef01f2000 	C:\Users\Administrator\.gradle\native\19\windows-amd64\native-platform.dll
0x000007fefcc10000 - 0x000007fefcc27000 	C:\Windows\system32\CRYPTSP.dll
0x000007fefc910000 - 0x000007fefc957000 	C:\Windows\system32\rsaenh.dll
0x000007fefd4d0000 - 0x000007fefd4ee000 	C:\Windows\system32\USERENV.dll
0x000007fefd2e0000 - 0x000007fefd2ef000 	C:\Windows\system32\CRYPTBASE.dll
0x000007fefac80000 - 0x000007fefaca7000 	C:\Windows\system32\IPHLPAPI.DLL
0x000007fefac70000 - 0x000007fefac7b000 	C:\Windows\system32\WINNSI.DLL
0x000007fef9e60000 - 0x000007fef9e71000 	C:\Windows\system32\dhcpcsvc6.DLL
0x000007fef9e40000 - 0x000007fef9e58000 	C:\Windows\system32\dhcpcsvc.DLL
0x000007feeecc0000 - 0x000007feeeccd000 	C:\Android\Android Studio\jre\jre\bin\management.dll
0x000007fefd240000 - 0x000007fefd297000 	C:\Windows\system32\apphelp.dll
0x000007feee860000 - 0x000007feee985000 	C:\Windows\system32\dbghelp.dll

VM Arguments:
jvm_args: -XX:MaxPermSize=1024m -XX:+CMSClassUnloadingEnabled -XX:+HeapDumpOnOutOfMemoryError -Xmx2048m -Dfile.encoding=GBK -Duser.country=CN -Duser.language=zh -Duser.variant 
java_command: org.gradle.launcher.daemon.bootstrap.GradleDaemon 2.14.1
java_class_path (initial): C:\Android\Android Studio\gradle\gradle-2.14.1\lib\gradle-launcher-2.14.1.jar
Launcher Type: SUN_STANDARD

Environment Variables:
JAVA_HOME=C:\Program Files\Java\jdk1.8.0_31
PATH=C:\ProgramData\Oracle\Java\javapath;C:\Windows\system32;C:\Windows;C:\Windows\System32\Wbem;C:\Windows\System32\WindowsPowerShell\v1.0\;C:\Program Files\TortoiseSVN\bin;C:\Program Files\Java\jdk1.8.0_31\bin;C:\Program Files\Java\jdk1.8.0_31\lib;C:\Program Files\Java\jdk1.8.0_31\jre\bin;C:\Android\AndroidSDK\platform-tools;C:\Android\AndroidSDK\tools;F:\Program Files\Git\cmd
USERNAME=Administrator
OS=Windows_NT
PROCESSOR_IDENTIFIER=Intel64 Family 6 Model 60 Stepping 3, GenuineIntel



---------------  S Y S T E M  ---------------

OS: Windows 7 , 64 bit Build 7601 (6.1.7601.23543)

CPU:total 4 (4 cores per cpu, 1 threads per core) family 6 model 60 stepping 3, cmov, cx8, fxsr, mmx, sse, sse2, sse3, ssse3, sse4.1, sse4.2, popcnt, avx, avx2, aes, clmul, erms, rtm, lzcnt, tsc, tscinvbit, bmi1, bmi2

Memory: 4k page, physical 8325540k(3239372k free), swap 16649220k(9381056k free)

vm_info: OpenJDK 64-Bit Server VM (25.76-b03) for windows-amd64 JRE (1.8.0_76-release-b03), built on Jun 29 2016 19:09:20 by "ralucas" with MS VC++ 10.0 (VS2010)

time: Thu Feb 09 16:17:27 2017
elapsed time: 6274 seconds (0d 1h 44m 34s)

